#
# There is insufficient memory for the Java Runtime Environment to continue.
# Native memory allocation (malloc) failed to allocate 647056 bytes for Chunk::new
# Possible reasons:
#   The system is out of physical RAM or swap space
#   In 32 bit mode, the process size limit was hit
# Possible solutions:
#   Reduce memory load on the system
#   Increase physical memory or swap space
#   Check if swap backing store is full
#   Use 64 bit Java on a 64 bit OS
#   Decrease Java heap size (-Xmx/-Xms)
#   Decrease number of Java threads
#   Decrease Java thread stack sizes (-Xss)
#   Set larger code cache with -XX:ReservedCodeCacheSize=
# This output file may be truncated or incomplete.
#
#  Out of Memory Error (allocation.cpp:390), pid=7576, tid=0x0000000000004ca8
#
# JRE version: Java(TM) SE Runtime Environment (8.0_191-b12) (build 1.8.0_191-b12)
# Java VM: Java HotSpot(TM) 64-Bit Server VM (25.191-b12 mixed mode windows-amd64 compressed oops)
# Failed to write core dump. Minidumps are not enabled by default on client versions of Windows
#

---------------  T H R E A D  ---------------

Current thread (0x000000001965a800):  JavaThread "C2 CompilerThread1" daemon [_thread_in_native, id=19624, stack(0x000000001a050000,0x000000001a150000)]

Stack: [0x000000001a050000,0x000000001a150000]
[error occurred during error reporting (printing stack bounds), id 0xc0000005]

Native frames: (J=compiled Java code, j=interpreted, Vv=VM code, C=native code)


Current CompileTask:
C2:    334  417 %     4       com.sun.tools.javac.file.ZipFileIndex$ZipDirectory::readEntry @ 102 (587 bytes)


---------------  P R O C E S S  ---------------

Java Threads: ( => current thread )
  0x00000000196ef000 JavaThread "Service Thread" daemon [_thread_blocked, id=14340, stack(0x000000001a450000,0x000000001a550000)]
  0x0000000019661800 JavaThread "C1 CompilerThread3" daemon [_thread_in_native, id=3760, stack(0x000000001a350000,0x000000001a450000)]
  0x000000001965b800 JavaThread "C2 CompilerThread2" daemon [_thread_in_native, id=16488, stack(0x000000001a150000,0x000000001a250000)]
=>0x000000001965a800 JavaThread "C2 CompilerThread1" daemon [_thread_in_native, id=19624, stack(0x000000001a050000,0x000000001a150000)]
  0x0000000019652800 JavaThread "C2 CompilerThread0" daemon [_thread_in_native, id=14484, stack(0x0000000019f50000,0x000000001a050000)]
  0x0000000019651000 JavaThread "Attach Listener" daemon [_thread_blocked, id=14628, stack(0x0000000019e50000,0x0000000019f50000)]
  0x000000001964d800 JavaThread "Signal Dispatcher" daemon [_thread_blocked, id=20832, stack(0x0000000019d50000,0x0000000019e50000)]
  0x0000000019641800 JavaThread "Finalizer" daemon [_thread_blocked, id=14556, stack(0x0000000019b20000,0x0000000019c20000)]
  0x0000000019640800 JavaThread "Reference Handler" daemon [_thread_blocked, id=18624, stack(0x0000000019a20000,0x0000000019b20000)]
  0x00000000028e4800 JavaThread "main" [_thread_in_Java, id=20056, stack(0x0000000002750000,0x0000000002850000)]

Other Threads:
  0x0000000017839000 VMThread [stack: 0x0000000019520000,0x0000000019620000] [id=4276]
  0x00000000196f1800 WatcherThread [stack: 0x000000001a550000,0x000000001a650000] [id=13536]

VM state:not at safepoint (normal execution)

VM Mutex/Monitor currently owned by a thread: None

Heap:
 PSYoungGen      total 11776K, used 5257K [0x00000000d6900000, 0x00000000d7e00000, 0x0000000100000000)
  eden space 9728K, 54% used [0x00000000d6900000,0x00000000d6e22630,0x00000000d7280000)
  from space 2048K, 0% used [0x00000000d7700000,0x00000000d7700000,0x00000000d7900000)
  to   space 4608K, 0% used [0x00000000d7280000,0x00000000d7280000,0x00000000d7700000)
 ParOldGen       total 11264K, used 5422K [0x0000000083a00000, 0x0000000084500000, 0x00000000d6900000)
  object space 11264K, 48% used [0x0000000083a00000,0x0000000083f4b8e0,0x0000000084500000)
 Metaspace       used 7291K, capacity 8180K, committed 8448K, reserved 1056768K
  class space    used 893K, capacity 944K, committed 1024K, reserved 1048576K

Card table byte_map: [0x0000000011da0000,0x0000000012190000] byte_map_base: 0x0000000011983000

Marking Bits: (ParMarkBitMap*) 0x000000006ab83e30
 Begin Bits: [0x0000000012c30000, 0x0000000014b48000)
 End Bits:   [0x0000000014b48000, 0x0000000016a60000)

Polling page: 0x0000000000f10000

CodeCache: size=245760Kb used=2357Kb max_used=2357Kb free=243402Kb
 bounds [0x00000000029e0000, 0x0000000002c50000, 0x00000000119e0000]
 total_blobs=774 nmethods=487 adapters=200
 compilation: enabled

Compilation events (10 events):
Event: 0.324 Thread 0x0000000019661800 nmethod 484 0x0000000002c21390 code [0x0000000002c21500, 0x0000000002c21708]
Event: 0.325 Thread 0x0000000019661800  485       3       java.util.ArrayList::grow (45 bytes)
Event: 0.325 Thread 0x0000000019661800 nmethod 485 0x0000000002c28110 code [0x0000000002c282a0, 0x0000000002c28798]
Event: 0.326 Thread 0x000000001965b800  486       4       com.sun.tools.javac.file.RelativePath$RelativeDirectory::<init> (44 bytes)
Event: 0.326 Thread 0x0000000019661800  487       3       java.io.File::equals (30 bytes)
Event: 0.327 Thread 0x0000000019661800 nmethod 487 0x0000000002c27590 code [0x0000000002c27740, 0x0000000002c27e48]
Event: 0.327 Thread 0x0000000019661800  488       3       java.io.File::compareTo (9 bytes)
Event: 0.327 Thread 0x0000000019661800 nmethod 488 0x0000000002c20c50 code [0x0000000002c20de0, 0x0000000002c21168]
Event: 0.328 Thread 0x000000001965b800 nmethod 486 0x0000000002c26f90 code [0x0000000002c270e0, 0x0000000002c27378]
Event: 0.330 Thread 0x000000001965b800  489       4       com.sun.tools.javac.file.ZipFileIndex::access$700 (6 bytes)

GC Heap History (10 events):
Event: 0.154 GC heap before
{Heap before GC invocations=3 (full 0):
 PSYoungGen      total 3584K, used 3513K [0x00000000d6900000, 0x00000000d6d00000, 0x0000000100000000)
  eden space 3072K, 98% used [0x00000000d6900000,0x00000000d6bf25c8,0x00000000d6c00000)
  from space 512K, 96% used [0x00000000d6c80000,0x00000000d6cfc010,0x00000000d6d00000)
  to   space 512K, 0% used [0x00000000d6c00000,0x00000000d6c00000,0x00000000d6c80000)
 ParOldGen       total 5632K, used 88K [0x0000000083a00000, 0x0000000083f80000, 0x00000000d6900000)
  object space 5632K, 1% used [0x0000000083a00000,0x0000000083a16020,0x0000000083f80000)
 Metaspace       used 4921K, capacity 6220K, committed 6400K, reserved 1056768K
  class space    used 607K, capacity 648K, committed 768K, reserved 1048576K
Event: 0.155 GC heap after
Heap after GC invocations=3 (full 0):
 PSYoungGen      total 3584K, used 495K [0x00000000d6900000, 0x00000000d7000000, 0x0000000100000000)
  eden space 3072K, 0% used [0x00000000d6900000,0x00000000d6900000,0x00000000d6c00000)
  from space 512K, 96% used [0x00000000d6c00000,0x00000000d6c7bc30,0x00000000d6c80000)
  to   space 512K, 0% used [0x00000000d6f80000,0x00000000d6f80000,0x00000000d7000000)
 ParOldGen       total 5632K, used 636K [0x0000000083a00000, 0x0000000083f80000, 0x00000000d6900000)
  object space 5632K, 11% used [0x0000000083a00000,0x0000000083a9f040,0x0000000083f80000)
 Metaspace       used 4921K, capacity 6220K, committed 6400K, reserved 1056768K
  class space    used 607K, capacity 648K, committed 768K, reserved 1048576K
}
Event: 0.199 GC heap before
{Heap before GC invocations=4 (full 0):
 PSYoungGen      total 3584K, used 3566K [0x00000000d6900000, 0x00000000d7000000, 0x0000000100000000)
  eden space 3072K, 99% used [0x00000000d6900000,0x00000000d6bfff98,0x00000000d6c00000)
  from space 512K, 96% used [0x00000000d6c00000,0x00000000d6c7bc30,0x00000000d6c80000)
  to   space 512K, 0% used [0x00000000d6f80000,0x00000000d6f80000,0x00000000d7000000)
 ParOldGen       total 5632K, used 636K [0x0000000083a00000, 0x0000000083f80000, 0x00000000d6900000)
  object space 5632K, 11% used [0x0000000083a00000,0x0000000083a9f040,0x0000000083f80000)
 Metaspace       used 6037K, capacity 7276K, committed 7552K, reserved 1056768K
  class space    used 759K, capacity 808K, committed 896K, reserved 1048576K
Event: 0.199 GC heap after
Heap after GC invocations=4 (full 0):
 PSYoungGen      total 6656K, used 496K [0x00000000d6900000, 0x00000000d7000000, 0x0000000100000000)
  eden space 6144K, 0% used [0x00000000d6900000,0x00000000d6900000,0x00000000d6f00000)
  from space 512K, 96% used [0x00000000d6f80000,0x00000000d6ffc020,0x00000000d7000000)
  to   space 512K, 0% used [0x00000000d6f00000,0x00000000d6f00000,0x00000000d6f80000)
 ParOldGen       total 5632K, used 957K [0x0000000083a00000, 0x0000000083f80000, 0x00000000d6900000)
  object space 5632K, 17% used [0x0000000083a00000,0x0000000083aef728,0x0000000083f80000)
 Metaspace       used 6037K, capacity 7276K, committed 7552K, reserved 1056768K
  class space    used 759K, capacity 808K, committed 896K, reserved 1048576K
}
Event: 0.269 GC heap before
{Heap before GC invocations=5 (full 0):
 PSYoungGen      total 6656K, used 6171K [0x00000000d6900000, 0x00000000d7000000, 0x0000000100000000)
  eden space 6144K, 92% used [0x00000000d6900000,0x00000000d6e8ad80,0x00000000d6f00000)
  from space 512K, 96% used [0x00000000d6f80000,0x00000000d6ffc020,0x00000000d7000000)
  to   space 512K, 0% used [0x00000000d6f00000,0x00000000d6f00000,0x00000000d6f80000)
 ParOldGen       total 5632K, used 957K [0x0000000083a00000, 0x0000000083f80000, 0x00000000d6900000)
  object space 5632K, 17% used [0x0000000083a00000,0x0000000083aef728,0x0000000083f80000)
 Metaspace       used 7260K, capacity 8180K, committed 8448K, reserved 1056768K
  class space    used 892K, capacity 944K, committed 1024K, reserved 1048576K
Event: 0.274 GC heap after
Heap after GC invocations=5 (full 0):
 PSYoungGen      total 6656K, used 496K [0x00000000d6900000, 0x00000000d7900000, 0x0000000100000000)
  eden space 6144K, 0% used [0x00000000d6900000,0x00000000d6900000,0x00000000d6f00000)
  from space 512K, 96% used [0x00000000d6f00000,0x00000000d6f7c020,0x00000000d6f80000)
  to   space 2048K, 0% used [0x00000000d7700000,0x00000000d7700000,0x00000000d7900000)
 ParOldGen       total 5632K, used 2349K [0x0000000083a00000, 0x0000000083f80000, 0x00000000d6900000)
  object space 5632K, 41% used [0x0000000083a00000,0x0000000083c4b5c0,0x0000000083f80000)
 Metaspace       used 7260K, capacity 8180K, committed 8448K, reserved 1056768K
  class space    used 892K, capacity 944K, committed 1024K, reserved 1048576K
}
Event: 0.301 GC heap before
{Heap before GC invocations=6 (full 0):
 PSYoungGen      total 6656K, used 6640K [0x00000000d6900000, 0x00000000d7900000, 0x0000000100000000)
  eden space 6144K, 100% used [0x00000000d6900000,0x00000000d6f00000,0x00000000d6f00000)
  from space 512K, 96% used [0x00000000d6f00000,0x00000000d6f7c020,0x00000000d6f80000)
  to   space 2048K, 0% used [0x00000000d7700000,0x00000000d7700000,0x00000000d7900000)
 ParOldGen       total 5632K, used 2349K [0x0000000083a00000, 0x0000000083f80000, 0x00000000d6900000)
  object space 5632K, 41% used [0x0000000083a00000,0x0000000083c4b5c0,0x0000000083f80000)
 Metaspace       used 7287K, capacity 8180K, committed 8448K, reserved 1056768K
  class space    used 893K, capacity 944K, committed 1024K, reserved 1048576K
Event: 0.304 GC heap after
Heap after GC invocations=6 (full 0):
 PSYoungGen      total 11776K, used 2040K [0x00000000d6900000, 0x00000000d7e00000, 0x0000000100000000)
  eden space 9728K, 0% used [0x00000000d6900000,0x00000000d6900000,0x00000000d7280000)
  from space 2048K, 99% used [0x00000000d7700000,0x00000000d78fe138,0x00000000d7900000)
  to   space 4608K, 0% used [0x00000000d7280000,0x00000000d7280000,0x00000000d7700000)
 ParOldGen       total 7680K, used 6019K [0x0000000083a00000, 0x0000000084180000, 0x00000000d6900000)
  object space 7680K, 78% used [0x0000000083a00000,0x0000000083fe0c38,0x0000000084180000)
 Metaspace       used 7287K, capacity 8180K, committed 8448K, reserved 1056768K
  class space    used 893K, capacity 944K, committed 1024K, reserved 1048576K
}
Event: 0.304 GC heap before
{Heap before GC invocations=7 (full 1):
 PSYoungGen      total 11776K, used 2040K [0x00000000d6900000, 0x00000000d7e00000, 0x0000000100000000)
  eden space 9728K, 0% used [0x00000000d6900000,0x00000000d6900000,0x00000000d7280000)
  from space 2048K, 99% used [0x00000000d7700000,0x00000000d78fe138,0x00000000d7900000)
  to   space 4608K, 0% used [0x00000000d7280000,0x00000000d7280000,0x00000000d7700000)
 ParOldGen       total 7680K, used 6019K [0x0000000083a00000, 0x0000000084180000, 0x00000000d6900000)
  object space 7680K, 78% used [0x0000000083a00000,0x0000000083fe0c38,0x0000000084180000)
 Metaspace       used 7287K, capacity 8180K, committed 8448K, reserved 1056768K
  class space    used 893K, capacity 944K, committed 1024K, reserved 1048576K
Event: 0.317 GC heap after
Heap after GC invocations=7 (full 1):
 PSYoungGen      total 11776K, used 0K [0x00000000d6900000, 0x00000000d7e00000, 0x0000000100000000)
  eden space 9728K, 0% used [0x00000000d6900000,0x00000000d6900000,0x00000000d7280000)
  from space 2048K, 0% used [0x00000000d7700000,0x00000000d7700000,0x00000000d7900000)
  to   space 4608K, 0% used [0x00000000d7280000,0x00000000d7280000,0x00000000d7700000)
 ParOldGen       total 11264K, used 5422K [0x0000000083a00000, 0x0000000084500000, 0x00000000d6900000)
  object space 11264K, 48% used [0x0000000083a00000,0x0000000083f4b8e0,0x0000000084500000)
 Metaspace       used 7287K, capacity 8180K, committed 8448K, reserved 1056768K
  class space    used 893K, capacity 944K, committed 1024K, reserved 1048576K
}

Deoptimization events (4 events):
Event: 0.190 Thread 0x00000000028e4800 Uncommon trap: reason=null_check action=make_not_entrant pc=0x0000000002b641e0 method=java.lang.String.equals(Ljava/lang/Object;)Z @ 8
Event: 0.234 Thread 0x00000000028e4800 Uncommon trap: reason=unstable_if action=reinterpret pc=0x0000000002b5d82c method=java.lang.String.replace(CC)Ljava/lang/String; @ 26
Event: 0.244 Thread 0x00000000028e4800 Uncommon trap: reason=class_check action=maybe_recompile pc=0x0000000002b8c0a0 method=sun.misc.URLClassPath.getLoader(I)Lsun/misc/URLClassPath$Loader; @ 94
Event: 0.267 Thread 0x00000000028e4800 Uncommon trap: reason=unstable_if action=reinterpret pc=0x0000000002b90d38 method=java.lang.String.<init>([CII)V @ 18

Classes redefined (0 events):
No events

Internal exceptions (10 events):
Event: 0.243 Thread 0x00000000028e4800 Exception <a 'java/security/PrivilegedActionException'> (0x00000000d6cf6530) thrown at [C:\re\workspace\8-2-build-windows-amd64-cygwin\jdk8u191\11896\hotspot\src\share\vm\prims\jvm.cpp, line 1435]
Event: 0.243 Thread 0x00000000028e4800 Exception <a 'java/security/PrivilegedActionException'> (0x00000000d6cf6740) thrown at [C:\re\workspace\8-2-build-windows-amd64-cygwin\jdk8u191\11896\hotspot\src\share\vm\prims\jvm.cpp, line 1435]
Event: 0.294 Thread 0x00000000028e4800 Exception <a 'java/io/FileNotFoundException'> (0x00000000d6d302f8) thrown at [C:\re\workspace\8-2-build-windows-amd64-cygwin\jdk8u191\11896\hotspot\src\share\vm\prims\jni.cpp, line 709]
Event: 0.296 Thread 0x00000000028e4800 Exception <a 'java/io/FileNotFoundException'> (0x00000000d6d64ad0) thrown at [C:\re\workspace\8-2-build-windows-amd64-cygwin\jdk8u191\11896\hotspot\src\share\vm\prims\jni.cpp, line 709]
Event: 0.325 Thread 0x00000000028e4800 Exception <a 'java/io/FileNotFoundException'> (0x00000000d6b3aae0) thrown at [C:\re\workspace\8-2-build-windows-amd64-cygwin\jdk8u191\11896\hotspot\src\share\vm\prims\jni.cpp, line 709]
Event: 0.325 Thread 0x00000000028e4800 Exception <a 'java/io/FileNotFoundException'> (0x00000000d6b3ba68) thrown at [C:\re\workspace\8-2-build-windows-amd64-cygwin\jdk8u191\11896\hotspot\src\share\vm\prims\jni.cpp, line 709]
Event: 0.325 Thread 0x00000000028e4800 Exception <a 'java/io/FileNotFoundException'> (0x00000000d6b3c970) thrown at [C:\re\workspace\8-2-build-windows-amd64-cygwin\jdk8u191\11896\hotspot\src\share\vm\prims\jni.cpp, line 709]
Event: 0.326 Thread 0x00000000028e4800 Exception <a 'java/io/FileNotFoundException'> (0x00000000d6b5eed0) thrown at [C:\re\workspace\8-2-build-windows-amd64-cygwin\jdk8u191\11896\hotspot\src\share\vm\prims\jni.cpp, line 709]
Event: 0.326 Thread 0x00000000028e4800 Exception <a 'java/io/FileNotFoundException'> (0x00000000d6b5fe18) thrown at [C:\re\workspace\8-2-build-windows-amd64-cygwin\jdk8u191\11896\hotspot\src\share\vm\prims\jni.cpp, line 709]
Event: 0.326 Thread 0x00000000028e4800 Exception <a 'java/io/FileNotFoundException'> (0x00000000d6b62c58) thrown at [C:\re\workspace\8-2-build-windows-amd64-cygwin\jdk8u191\11896\hotspot\src\share\vm\prims\jni.cpp, line 709]

Events (10 events):
Event: 0.267 loading class java/util/ComparableTimSort
Event: 0.267 loading class java/util/ComparableTimSort done
Event: 0.268 loading class java/io/RandomAccessFile$1
Event: 0.268 loading class java/io/RandomAccessFile$1 done
Event: 0.269 Executing VM operation: ParallelGCFailedAllocation
Event: 0.274 Executing VM operation: ParallelGCFailedAllocation done
Event: 0.294 loading class com/sun/tools/javac/file/JavacFileManager$MissingArchive
Event: 0.294 loading class com/sun/tools/javac/file/JavacFileManager$MissingArchive done
Event: 0.301 Executing VM operation: ParallelGCFailedAllocation
Event: 0.317 Executing VM operation: ParallelGCFailedAllocation done


Dynamic libraries:
0x00007ff7fc0a0000 - 0x00007ff7fc0a7000 	C:\Program Files\Java\jdk1.8.0_191\bin\javac.exe
0x00007ffca5a70000 - 0x00007ffca5c84000 	C:\WINDOWS\SYSTEM32\ntdll.dll
0x00007ffca4940000 - 0x00007ffca4a02000 	C:\WINDOWS\System32\KERNEL32.DLL
0x00007ffca34e0000 - 0x00007ffca387c000 	C:\WINDOWS\System32\KERNELBASE.dll
0x0000000069e00000 - 0x0000000069ed2000 	C:\Program Files\Java\jdk1.8.0_191\bin\MSVCR100.dll
0x0000000069dd0000 - 0x0000000069dff000 	C:\Program Files\Java\jdk1.8.0_191\bin\jli.dll
0x00007ffca5270000 - 0x00007ffca531e000 	C:\WINDOWS\System32\ADVAPI32.dll
0x00007ffca55f0000 - 0x00007ffca5697000 	C:\WINDOWS\System32\msvcrt.dll
0x00007ffca5160000 - 0x00007ffca5204000 	C:\WINDOWS\System32\sechost.dll
0x00007ffca5020000 - 0x00007ffca5135000 	C:\WINDOWS\System32\RPCRT4.dll
0x00007ffca45c0000 - 0x00007ffca476a000 	C:\WINDOWS\System32\USER32.dll
0x00007ffc8ae20000 - 0x00007ffc8b0ae000 	C:\WINDOWS\WinSxS\amd64_microsoft.windows.common-controls_6595b64144ccf1df_6.0.22621.436_none_a94247dbc10d8414\COMCTL32.dll
0x00007ffca2eb0000 - 0x00007ffca2ed6000 	C:\WINDOWS\System32\win32u.dll
0x00007ffca5460000 - 0x00007ffca5489000 	C:\WINDOWS\System32\GDI32.dll
0x00007ffca31f0000 - 0x00007ffca3302000 	C:\WINDOWS\System32\gdi32full.dll
0x00007ffca3440000 - 0x00007ffca34da000 	C:\WINDOWS\System32\msvcp_win.dll
0x00007ffca2ee0000 - 0x00007ffca2ff1000 	C:\WINDOWS\System32\ucrtbase.dll
0x00007ffca55b0000 - 0x00007ffca55e1000 	C:\WINDOWS\System32\IMM32.DLL
0x000000006a280000 - 0x000000006a352000 	C:\Program Files\Java\jdk1.8.0_191\jre\bin\msvcr100.dll
0x000000006a360000 - 0x000000006ac04000 	C:\Program Files\Java\jdk1.8.0_191\jre\bin\server\jvm.dll
0x00007ffca4490000 - 0x00007ffca4498000 	C:\WINDOWS\System32\PSAPI.DLL
0x00007ffc8ddb0000 - 0x00007ffc8ddb9000 	C:\WINDOWS\SYSTEM32\WSOCK32.dll
0x00007ffc9ced0000 - 0x00007ffc9ceda000 	C:\WINDOWS\SYSTEM32\VERSION.dll
0x00007ffc9c6e0000 - 0x00007ffc9c714000 	C:\WINDOWS\SYSTEM32\WINMM.dll
0x00007ffca4410000 - 0x00007ffca4481000 	C:\WINDOWS\System32\WS2_32.dll
0x000000006a230000 - 0x000000006a23f000 	C:\Program Files\Java\jdk1.8.0_191\jre\bin\verify.dll
0x000000006a200000 - 0x000000006a229000 	C:\Program Files\Java\jdk1.8.0_191\jre\bin\java.dll
0x000000006a1e0000 - 0x000000006a1f6000 	C:\Program Files\Java\jdk1.8.0_191\jre\bin\zip.dll
0x00007ffca3b30000 - 0x00007ffca430d000 	C:\WINDOWS\System32\SHELL32.dll
0x00007ffca0f10000 - 0x00007ffca17c6000 	C:\WINDOWS\SYSTEM32\windows.storage.dll
0x00007ffca56a0000 - 0x00007ffca5a29000 	C:\WINDOWS\System32\combase.dll
0x00007ffca0dd0000 - 0x00007ffca0f0d000 	C:\WINDOWS\SYSTEM32\wintypes.dll
0x00007ffca4f20000 - 0x00007ffca5011000 	C:\WINDOWS\System32\SHCORE.dll
0x00007ffca5400000 - 0x00007ffca545e000 	C:\WINDOWS\System32\shlwapi.dll
0x00007ffca2de0000 - 0x00007ffca2e01000 	C:\WINDOWS\SYSTEM32\profapi.dll

VM Arguments:
jvm_args: -Dapplication.home=C:\Program Files\Java\jdk1.8.0_191 -Xms8m 
java_command: com.sun.tools.javac.Main -d C:\Users\hp\Desktop\Proyect\BG\BG-System\build\classes -classpath C:\Users\hp\Desktop\Proyect\BG\BG-System\build\classes;C:\Users\hp\Desktop\Proyect\BG\BG-System\lib\absolutelayout\AbsoluteLayout.jar;C:\Users\hp\Desktop\Proyect\BG\BG-System\lib\TimingFramework-0.55.jar;C:\Users\hp\Desktop\Proyect\BG\BG-System\lib\filters-2.0.235.jar;C:\Users\hp\Desktop\Proyect\BG\BG-System\lib\swing-worker-1.1.jar;C:\Users\hp\Desktop\Proyect\BG\BG-System\lib\swingx-1.6.1.jar;C:\Users\hp\Desktop\Proyect\BG\BG-System\lib\gradient-icon-font.jar;C:\Users\hp\Desktop\Proyect\BG\BG-System\lib\miglayout-4.0.jar;C:\Users\hp\Desktop\Proyect\BG\BG-System\lib\sqljdbc_9.4.1.0_esn.zip;C:\Users\hp\Desktop\Proyect\BG\BG-System\lib\mssql-jdbc-9.4.1.jre8.jar;C:\Users\hp\Desktop\Proyect\BG\BG-System\lib\RSMaterialComponents_3.0.jar;C:\Users\hp\Desktop\Proyect\BG\BG-System\lib\RojeruSan.full.jar;C:\Users\hp\Desktop\Proyect\BG\BG-System\lib\RSAnimation.jar;C:\Users\hp\Desktop\Proyect\BG\BG-System\lib\RSPanelGradiente.jar;C:\Users\hp\Desktop\Proyect\BG\BG-System\lib\jcalendar-1.4.jar;C:\Users\hp\Desktop\Proyect\BG\BG-System\lib\mail.jar;C:\Users\hp\Desktop\Proyect\BG\BG-System\lib\barbecue-2.0-dev.jar;C:\Users\hp\Desktop\Proyect\BG\BG-System\lib\AbsoluteLayout.jar;C:\Users\hp\Desktop\Proyect\BG\BG-System\lib\commons-collections-3.2.1.jar;C:\Users\hp\Desktop\Proyect\BG\BG-System\lib\commons-digester-2.1.jar;C:\Users\hp\Desktop\Proyect\BG\BG-System\lib\commons-logging-1.2.jar;C:\Users\hp\Desktop\Proyect\BG\BG-System\lib\groovy-2.4.5.jar;C:\Users\hp\Desktop\Proyect\BG\BG-System\lib\itext-pdfa-5.5.4.jar;C:\Users\hp\Desktop\Proyect\BG\BG-System\lib\itextpdf-5.5.4.jar;C:\Users\hp\Desktop\Proyect\BG\BG-System\lib\jasperreports-6.0.0.jar;C:\Users\hp\Desktop\Proyect\BG\BG-System\lib\qrgen-1.2.jar;C:\Users\hp\Desktop\Proyect\BG\BG-System\lib\zxing-core-1.7.jar;C:\Users\hp\Desktop\Proyect\BG\BG-System\lib\tools-1.6.0.jar;C:\Users\hp\Desktop\Proyect\BG\BG-System\lib\zxing-
java_class_path (initial): C:\Program Files\Java\jdk1.8.0_191/lib/tools.jar;C:\Program Files\Java\jdk1.8.0_191/classes
Launcher Type: SUN_STANDARD

Environment Variables:
PATH=C:\oraclexe\app\oracle\product\11.2.0\server\bin;C:\Program Files (x86)\Common Files\Oracle\Java\javapath;C:\WINDOWS\system32;C:\WINDOWS;C:\WINDOWS\System32\Wbem;C:\WINDOWS\System32\WindowsPowerShell\v1.0\;C:\WINDOWS\System32\OpenSSH\;C:\Program Files\Microsoft SQL Server\Client SDK\ODBC\170\Tools\Binn\;C:\Program Files (x86)\Microsoft SQL Server\150\Tools\Binn\;C:\Program Files\Microsoft SQL Server\150\Tools\Binn\;C:\Program Files\Microsoft SQL Server\150\DTS\Binn\;C:\Program Files (x86)\Microsoft SQL Server\150\DTS\Binn\;C:\Program Files\Microsoft SQL Server\130\Tools\Binn\;C:\Program Files\Azure Data Studio\bin;C:\Program Files\Git\cmd;C:\Program Files\dotnet\;C:\Users\hp\AppData\Local\Microsoft\WindowsApps;C:\Users\hp\AppData\Local\Programs\Microsoft VS Code\bin;C:\Program Files\Azure Data Studio\bin;C:\Users\hp\AppData\Local\GitHubDesktop\bin;C:\Users\hp\.dotnet\tools
USERNAME=hp
OS=Windows_NT
PROCESSOR_IDENTIFIER=Intel64 Family 6 Model 140 Stepping 1, GenuineIntel



---------------  S Y S T E M  ---------------

OS: Windows 10.0 , 64 bit Build 22621 (10.0.22621.598)

CPU:total 8 (initial active 8) (4 cores per cpu, 2 threads per core) family 6 model 140 stepping 1, cmov, cx8, fxsr, mmx, sse, sse2, sse3, ssse3, sse4.1, sse4.2, popcnt, avx, avx2, aes, clmul, erms, 3dnowpref, lzcnt, ht, tsc, tscinvbit, bmi1, bmi2, adx

Memory: 4k page, physical 8148984k(1375804k free), swap 33314808k(4272k free)

vm_info: Java HotSpot(TM) 64-Bit Server VM (25.191-b12) for windows-amd64 JRE (1.8.0_191-b12), built on Oct  6 2018 09:29:03 by "java_re" with MS VC++ 10.0 (VS2010)

time: Mon Sep 26 17:32:46 2022
elapsed time: 0 seconds (0d 0h 0m 0s)

